<?xml version="1.0" encoding="utf-8"?><testsuites><testsuite name="pytest" errors="0" failures="0" skipped="0" tests="0" time="0.045" timestamp="2022-05-31T13:09:26.714641" hostname="vm-ipp-datalake-bcg" /></testsuites>