<?xml version="1.0" encoding="utf-8"?><testsuites><testsuite name="pytest" errors="0" failures="0" skipped="0" tests="0" time="0.028" timestamp="2022-07-27T20:08:17.130018" hostname="vm-ipp-datalake-bcg" /></testsuites>