<?xml version="1.0" encoding="utf-8"?><testsuites><testsuite name="pytest" errors="0" failures="0" skipped="0" tests="29" time="2.276" timestamp="2022-07-29T01:38:11.076470" hostname="vm-ipp-datalake-bcg"><testcase classname="tests.test_module" name="test_enable_conftest" time="0.002" /><testcase classname="kedro_projetaai.overrides" name="kedro_projetaai.overrides.override_get_credentials" time="0.004" /><testcase classname="kedro_projetaai.cli.plugin" name="kedro_projetaai.cli.plugin.ProjetaAiCLIPlugin" time="0.002" /><testcase classname="kedro_projetaai.utils.iterable" name="kedro_projetaai.utils.iterable.firstorlist" time="0.002" /><testcase classname="kedro_projetaai.utils.iterable" name="kedro_projetaai.utils.iterable.get_nested" time="0.001" /><testcase classname="kedro_projetaai.utils.iterable" name="kedro_projetaai.utils.iterable.listorempty" time="0.001" /><testcase classname="kedro_projetaai.utils.iterable" name="kedro_projetaai.utils.iterable.optionaltolist" time="0.001" /><testcase classname="kedro_projetaai.utils.iterable" name="kedro_projetaai.utils.iterable.partition" time="0.001" /><testcase classname="kedro_projetaai.utils.iterable" name="kedro_projetaai.utils.iterable.tolist" time="0.001" /><testcase classname="kedro_projetaai.utils.iterable" name="kedro_projetaai.utils.iterable.unique" time="0.001" /><testcase classname="kedro_projetaai.utils.other" name="kedro_projetaai.utils.other.CallableDict" time="0.002" /><testcase classname="kedro_projetaai.utils.other" name="kedro_projetaai.utils.other.FlagType" time="0.001" /><testcase classname="kedro_projetaai.utils.other" name="kedro_projetaai.utils.other.IgnoreMissingDict" time="0.001" /><testcase classname="kedro_projetaai.utils.other" name="kedro_projetaai.utils.other.compose" time="0.001" /><testcase classname="kedro_projetaai.utils.other" name="kedro_projetaai.utils.other.falsify" time="0.001" /><testcase classname="kedro_projetaai.utils.other" name="kedro_projetaai.utils.other.filter_or_regex" time="0.001" /><testcase classname="kedro_projetaai.utils.other" name="kedro_projetaai.utils.other.identity" time="0.001" /><testcase classname="kedro_projetaai.utils.other" name="kedro_projetaai.utils.other.isnone" time="0.001" /><testcase classname="kedro_projetaai.utils.other" name="kedro_projetaai.utils.other.isnotnone" time="0.001" /><testcase classname="kedro_projetaai.utils.other" name="kedro_projetaai.utils.other.kwargs_only" time="0.002" /><testcase classname="kedro_projetaai.utils.other" name="kedro_projetaai.utils.other.nonefy" time="0.001" /><testcase classname="kedro_projetaai.utils.other" name="kedro_projetaai.utils.other.truthify" time="0.001" /><testcase classname="kedro_projetaai.utils.pipeline" name="kedro_projetaai.utils.pipeline.normalize_node_name" time="0.001" /><testcase classname="kedro_projetaai.utils.script" name="kedro_projetaai.utils.script.pipe" time="0.002" /><testcase classname="kedro_projetaai.utils.string" name="kedro_projetaai.utils.string.UPath" time="0.001" /><testcase classname="kedro_projetaai.utils.string" name="kedro_projetaai.utils.string.deepformat" time="0.001" /><testcase classname="kedro_projetaai.utils.string" name="kedro_projetaai.utils.string.get_filepath_extension" time="0.001" /><testcase classname="kedro_projetaai.utils.string" name="kedro_projetaai.utils.string.get_filepath_without_extension" time="0.001" /><testcase classname="kedro_projetaai.utils.string" name="kedro_projetaai.utils.string.to_snake_case" time="0.002" /></testsuite></testsuites>